  client.cpp
C:\Program Files (x86)\Windows Kits\10\Include\10.0.20348.0\shared\ws2def.h(103,1): warning C4005: AF_IPX: изменение макроопределения
C:\Program Files (x86)\Windows Kits\10\Include\10.0.20348.0\um\winsock.h(457): message : см. предыдущее определение "AF_IPX"
C:\Program Files (x86)\Windows Kits\10\Include\10.0.20348.0\shared\ws2def.h(147,1): warning C4005: AF_MAX: изменение макроопределения
C:\Program Files (x86)\Windows Kits\10\Include\10.0.20348.0\um\winsock.h(476): message : см. предыдущее определение "AF_MAX"
C:\Program Files (x86)\Windows Kits\10\Include\10.0.20348.0\shared\ws2def.h(187,1): warning C4005: SO_DONTLINGER: изменение макроопределения
C:\Program Files (x86)\Windows Kits\10\Include\10.0.20348.0\um\winsock.h(399): message : см. предыдущее определение "SO_DONTLINGER"
C:\Program Files (x86)\Windows Kits\10\Include\10.0.20348.0\shared\ws2def.h(240,25): error C2011: sockaddr: переопределение типа "struct"
C:\Program Files (x86)\Windows Kits\10\Include\10.0.20348.0\um\winsock.h(482): message : см. объявление "sockaddr"
C:\Program Files (x86)\Windows Kits\10\Include\10.0.20348.0\shared\ws2def.h(442,5): error C2143: синтаксическая ошибка: отсутствие "}" перед "константа"
C:\Program Files (x86)\Windows Kits\10\Include\10.0.20348.0\shared\ws2def.h(442,5): error C2059: синтаксическая ошибка: константа
C:\Program Files (x86)\Windows Kits\10\Include\10.0.20348.0\shared\ws2def.h(496,1): error C2143: синтаксическая ошибка: отсутствие ";" перед "}"
C:\Program Files (x86)\Windows Kits\10\Include\10.0.20348.0\shared\ws2def.h(496,10): error C4430: отсутствует спецификатор типа - предполагается int. Примечание. C++ не поддерживает int по умолчанию
C:\Program Files (x86)\Windows Kits\10\Include\10.0.20348.0\shared\ws2def.h(496,20): error C4430: отсутствует спецификатор типа - предполагается int. Примечание. C++ не поддерживает int по умолчанию
C:\Program Files (x86)\Windows Kits\10\Include\10.0.20348.0\shared\ws2def.h(577,1): warning C4005: IN_CLASSA: изменение макроопределения
C:\Program Files (x86)\Windows Kits\10\Include\10.0.20348.0\um\winsock.h(284): message : см. предыдущее определение "IN_CLASSA"
C:\Program Files (x86)\Windows Kits\10\Include\10.0.20348.0\shared\ws2def.h(583,1): warning C4005: IN_CLASSB: изменение макроопределения
C:\Program Files (x86)\Windows Kits\10\Include\10.0.20348.0\um\winsock.h(290): message : см. предыдущее определение "IN_CLASSB"
C:\Program Files (x86)\Windows Kits\10\Include\10.0.20348.0\shared\ws2def.h(589,1): warning C4005: IN_CLASSC: изменение макроопределения
C:\Program Files (x86)\Windows Kits\10\Include\10.0.20348.0\um\winsock.h(296): message : см. предыдущее определение "IN_CLASSC"
C:\Program Files (x86)\Windows Kits\10\Include\10.0.20348.0\shared\ws2def.h(600,1): warning C4005: INADDR_ANY: изменение макроопределения
C:\Program Files (x86)\Windows Kits\10\Include\10.0.20348.0\um\winsock.h(301): message : см. предыдущее определение "INADDR_ANY"
C:\Program Files (x86)\Windows Kits\10\Include\10.0.20348.0\shared\ws2def.h(602,1): warning C4005: INADDR_BROADCAST: изменение макроопределения
C:\Program Files (x86)\Windows Kits\10\Include\10.0.20348.0\um\winsock.h(303): message : см. предыдущее определение "INADDR_BROADCAST"
C:\Program Files (x86)\Windows Kits\10\Include\10.0.20348.0\shared\ws2def.h(638,28): error C2011: sockaddr_in: переопределение типа "struct"
C:\Program Files (x86)\Windows Kits\10\Include\10.0.20348.0\um\winsock.h(309): message : см. объявление "sockaddr_in"
C:\Program Files (x86)\Windows Kits\10\Include\10.0.20348.0\um\WinSock2.h(136,23): error C2011: fd_set: переопределение типа "struct"
C:\Program Files (x86)\Windows Kits\10\Include\10.0.20348.0\um\winsock.h(65): message : см. объявление "fd_set"
C:\Program Files (x86)\Windows Kits\10\Include\10.0.20348.0\um\WinSock2.h(171,1): warning C4005: FD_SET: изменение макроопределения
C:\Program Files (x86)\Windows Kits\10\Include\10.0.20348.0\um\winsock.h(99): message : см. предыдущее определение "FD_SET"
C:\Program Files (x86)\Windows Kits\10\Include\10.0.20348.0\um\WinSock2.h(180,16): error C2011: timeval: переопределение типа "struct"
C:\Program Files (x86)\Windows Kits\10\Include\10.0.20348.0\um\winsock.h(108): message : см. объявление "timeval"
C:\Program Files (x86)\Windows Kits\10\Include\10.0.20348.0\um\WinSock2.h(236,17): error C2011: hostent: переопределение типа "struct"
C:\Program Files (x86)\Windows Kits\10\Include\10.0.20348.0\um\winsock.h(164): message : см. объявление "hostent"
C:\Program Files (x86)\Windows Kits\10\Include\10.0.20348.0\um\WinSock2.h(249,16): error C2011: netent: переопределение типа "struct"
C:\Program Files (x86)\Windows Kits\10\Include\10.0.20348.0\um\winsock.h(177): message : см. объявление "netent"
C:\Program Files (x86)\Windows Kits\10\Include\10.0.20348.0\um\WinSock2.h(256,17): error C2011: servent: переопределение типа "struct"
C:\Program Files (x86)\Windows Kits\10\Include\10.0.20348.0\um\winsock.h(184): message : см. объявление "servent"
C:\Program Files (x86)\Windows Kits\10\Include\10.0.20348.0\um\WinSock2.h(268,18): error C2011: protoent: переопределение типа "struct"
C:\Program Files (x86)\Windows Kits\10\Include\10.0.20348.0\um\winsock.h(196): message : см. объявление "protoent"
C:\Program Files (x86)\Windows Kits\10\Include\10.0.20348.0\um\WinSock2.h(364,24): error C2011: WSAData: переопределение типа "struct"
C:\Program Files (x86)\Windows Kits\10\Include\10.0.20348.0\um\winsock.h(319): message : см. объявление "WSAData"
C:\Program Files (x86)\Windows Kits\10\Include\10.0.20348.0\um\WinSock2.h(462,18): error C2011: sockproto: переопределение типа "struct"
C:\Program Files (x86)\Windows Kits\10\Include\10.0.20348.0\um\winsock.h(491): message : см. объявление "sockproto"
C:\Program Files (x86)\Windows Kits\10\Include\10.0.20348.0\um\WinSock2.h(504,16): error C2011: linger: переопределение типа "struct"
C:\Program Files (x86)\Windows Kits\10\Include\10.0.20348.0\um\winsock.h(528): message : см. объявление "linger"
C:\Program Files (x86)\Windows Kits\10\Include\10.0.20348.0\um\WinSock2.h(517,1): warning C4005: SOMAXCONN: изменение макроопределения
C:\Program Files (x86)\Windows Kits\10\Include\10.0.20348.0\um\winsock.h(541): message : см. предыдущее определение "SOMAXCONN"
C:\Program Files (x86)\Windows Kits\10\Include\10.0.20348.0\um\WinSock2.h(551,1): warning C4005: FD_READ: изменение макроопределения
C:\Program Files (x86)\Windows Kits\10\Include\10.0.20348.0\um\winsock.h(559): message : см. предыдущее определение "FD_READ"
C:\Program Files (x86)\Windows Kits\10\Include\10.0.20348.0\um\WinSock2.h(554,1): warning C4005: FD_WRITE: изменение макроопределения
C:\Program Files (x86)\Windows Kits\10\Include\10.0.20348.0\um\winsock.h(560): message : см. предыдущее определение "FD_WRITE"
C:\Program Files (x86)\Windows Kits\10\Include\10.0.20348.0\um\WinSock2.h(557,1): warning C4005: FD_OOB: изменение макроопределения
C:\Program Files (x86)\Windows Kits\10\Include\10.0.20348.0\um\winsock.h(561): message : см. предыдущее определение "FD_OOB"
C:\Program Files (x86)\Windows Kits\10\Include\10.0.20348.0\um\WinSock2.h(560,1): warning C4005: FD_ACCEPT: изменение макроопределения
C:\Program Files (x86)\Windows Kits\10\Include\10.0.20348.0\um\winsock.h(562): message : см. предыдущее определение "FD_ACCEPT"
C:\Program Files (x86)\Windows Kits\10\Include\10.0.20348.0\um\WinSock2.h(563,1): warning C4005: FD_CONNECT: изменение макроопределения
C:\Program Files (x86)\Windows Kits\10\Include\10.0.20348.0\um\winsock.h(563): message : см. предыдущее определение "FD_CONNECT"
C:\Program Files (x86)\Windows Kits\10\Include\10.0.20348.0\um\WinSock2.h(566,1): warning C4005: FD_CLOSE: изменение макроопределения
C:\Program Files (x86)\Windows Kits\10\Include\10.0.20348.0\um\winsock.h(564): message : см. предыдущее определение "FD_CLOSE"
C:\Program Files (x86)\Windows Kits\10\Include\10.0.20348.0\um\WinSock2.h(1628,1): error C2375: accept: переопределение; другое связывание
C:\Program Files (x86)\Windows Kits\10\Include\10.0.20348.0\um\winsock.h(739): message : см. объявление "accept"
C:\Program Files (x86)\Windows Kits\10\Include\10.0.20348.0\um\WinSock2.h(1650,1): error C2375: bind: переопределение; другое связывание
C:\Program Files (x86)\Windows Kits\10\Include\10.0.20348.0\um\winsock.h(744): message : см. объявление "bind"
C:\Program Files (x86)\Windows Kits\10\Include\10.0.20348.0\um\WinSock2.h(1671,1): error C2375: closesocket: переопределение; другое связывание
C:\Program Files (x86)\Windows Kits\10\Include\10.0.20348.0\um\winsock.h(749): message : см. объявление "closesocket"
C:\Program Files (x86)\Windows Kits\10\Include\10.0.20348.0\um\WinSock2.h(1688,1): error C2375: connect: переопределение; другое связывание
C:\Program Files (x86)\Windows Kits\10\Include\10.0.20348.0\um\winsock.h(751): message : см. объявление "connect"
C:\Program Files (x86)\Windows Kits\10\Include\10.0.20348.0\um\WinSock2.h(1709,1): error C2375: ioctlsocket: переопределение; другое связывание
C:\Program Files (x86)\Windows Kits\10\Include\10.0.20348.0\um\winsock.h(756): message : см. объявление "ioctlsocket"
C:\Program Files (x86)\Windows Kits\10\Include\10.0.20348.0\um\WinSock2.h(1732,1): error C2375: getpeername: переопределение; другое связывание
C:\Program Files (x86)\Windows Kits\10\Include\10.0.20348.0\um\winsock.h(761): message : см. объявление "getpeername"
C:\Program Files (x86)\Windows Kits\10\Include\10.0.20348.0\um\WinSock2.h(1753,1): error C2375: getsockname: переопределение; другое связывание
C:\Program Files (x86)\Windows Kits\10\Include\10.0.20348.0\um\winsock.h(766): message : см. объявление "getsockname"
C:\Program Files (x86)\Windows Kits\10\Include\10.0.20348.0\um\WinSock2.h(1774,1): error C2375: getsockopt: переопределение; другое связывание
C:\Program Files (x86)\Windows Kits\10\Include\10.0.20348.0\um\winsock.h(771): message : см. объявление "getsockopt"
C:\Program Files (x86)\Windows Kits\10\Include\10.0.20348.0\um\WinSock2.h(1799,1): error C2375: htonl: переопределение; другое связывание
C:\Program Files (x86)\Windows Kits\10\Include\10.0.20348.0\um\winsock.h(778): message : см. объявление "htonl"
C:\Program Files (x86)\Windows Kits\10\Include\10.0.20348.0\um\WinSock2.h(1816,1): error C2375: htons: переопределение; другое связывание
C:\Program Files (x86)\Windows Kits\10\Include\10.0.20348.0\um\winsock.h(780): message : см. объявление "htons"
C:\Program Files (x86)\Windows Kits\10\Include\10.0.20348.0\um\WinSock2.h(1834,1): error C2375: inet_addr: переопределение; другое связывание
C:\Program Files (x86)\Windows Kits\10\Include\10.0.20348.0\um\winsock.h(782): message : см. объявление "inet_addr"
C:\Program Files (x86)\Windows Kits\10\Include\10.0.20348.0\um\WinSock2.h(1852,1): error C2375: inet_ntoa: переопределение; другое связывание
C:\Program Files (x86)\Windows Kits\10\Include\10.0.20348.0\um\winsock.h(784): message : см. объявление "inet_ntoa"
C:\Program Files (x86)\Windows Kits\10\Include\10.0.20348.0\um\WinSock2.h(1952,1): error C2375: listen: переопределение; другое связывание
C:\Program Files (x86)\Windows Kits\10\Include\10.0.20348.0\um\winsock.h(786): message : см. объявление "listen"
C:\Program Files (x86)\Windows Kits\10\Include\10.0.20348.0\um\WinSock2.h(1971,1): error C2375: ntohl: переопределение; другое связывание
C:\Program Files (x86)\Windows Kits\10\Include\10.0.20348.0\um\winsock.h(790): message : см. объявление "ntohl"
C:\Program Files (x86)\Windows Kits\10\Include\10.0.20348.0\um\WinSock2.h(1988,1): error C2375: ntohs: переопределение; другое связывание
C:\Program Files (x86)\Windows Kits\10\Include\10.0.20348.0\um\winsock.h(792): message : см. объявление "ntohs"
C:\Program Files (x86)\Windows Kits\10\Include\10.0.20348.0\um\WinSock2.h(2005,1): error C2375: recv: переопределение; другое связывание
C:\Program Files (x86)\Windows Kits\10\Include\10.0.20348.0\um\winsock.h(794): message : см. объявление "recv"
C:\Program Files (x86)\Windows Kits\10\Include\10.0.20348.0\um\WinSock2.h(2028,1): error C2375: recvfrom: переопределение; другое связывание
C:\Program Files (x86)\Windows Kits\10\Include\10.0.20348.0\um\winsock.h(800): message : см. объявление "recvfrom"
C:\Program Files (x86)\Windows Kits\10\Include\10.0.20348.0\um\WinSock2.h(2055,1): error C2375: select: переопределение; другое связывание
C:\Program Files (x86)\Windows Kits\10\Include\10.0.20348.0\um\winsock.h(808): message : см. объявление "select"
C:\Program Files (x86)\Windows Kits\10\Include\10.0.20348.0\um\WinSock2.h(2080,1): error C2375: send: переопределение; другое связывание
C:\Program Files (x86)\Windows Kits\10\Include\10.0.20348.0\um\winsock.h(815): message : см. объявление "send"
C:\Program Files (x86)\Windows Kits\10\Include\10.0.20348.0\um\WinSock2.h(2103,1): error C2375: sendto: переопределение; другое связывание
C:\Program Files (x86)\Windows Kits\10\Include\10.0.20348.0\um\winsock.h(821): message : см. объявление "sendto"
C:\Program Files (x86)\Windows Kits\10\Include\10.0.20348.0\um\WinSock2.h(2130,1): error C2375: setsockopt: переопределение; другое связывание
C:\Program Files (x86)\Windows Kits\10\Include\10.0.20348.0\um\winsock.h(829): message : см. объявление "setsockopt"
C:\Program Files (x86)\Windows Kits\10\Include\10.0.20348.0\um\WinSock2.h(2155,1): error C2375: shutdown: переопределение; другое связывание
C:\Program Files (x86)\Windows Kits\10\Include\10.0.20348.0\um\winsock.h(836): message : см. объявление "shutdown"
C:\Program Files (x86)\Windows Kits\10\Include\10.0.20348.0\um\WinSock2.h(2175,1): error C2375: socket: переопределение; другое связывание
C:\Program Files (x86)\Windows Kits\10\Include\10.0.20348.0\um\winsock.h(840): message : см. объявление "socket"
C:\Program Files (x86)\Windows Kits\10\Include\10.0.20348.0\um\WinSock2.h(2200,1): error C2375: gethostbyaddr: переопределение; другое связывание
C:\Program Files (x86)\Windows Kits\10\Include\10.0.20348.0\um\winsock.h(847): message : см. объявление "gethostbyaddr"
C:\Program Files (x86)\Windows Kits\10\Include\10.0.20348.0\um\WinSock2.h(2222,1): error C2375: gethostbyname: переопределение; другое связывание
C:\Program Files (x86)\Windows Kits\10\Include\10.0.20348.0\um\winsock.h(852): message : см. объявление "gethostbyname"
C:\Program Files (x86)\Windows Kits\10\Include\10.0.20348.0\um\WinSock2.h(2239,1): error C2375: gethostname: переопределение; другое связывание
C:\Program Files (x86)\Windows Kits\10\Include\10.0.20348.0\um\winsock.h(854): message : см. объявление "gethostname"
C:\Program Files (x86)\Windows Kits\10\Include\10.0.20348.0\um\WinSock2.h(2279,1): error C2375: getservbyport: переопределение; другое связывание
C:\Program Files (x86)\Windows Kits\10\Include\10.0.20348.0\um\winsock.h(858): message : см. объявление "getservbyport"
C:\Program Files (x86)\Windows Kits\10\Include\10.0.20348.0\um\WinSock2.h(2298,1): error C2375: getservbyname: переопределение; другое связывание
C:\Program Files (x86)\Windows Kits\10\Include\10.0.20348.0\um\winsock.h(862): message : см. объявление "getservbyname"
C:\Program Files (x86)\Windows Kits\10\Include\10.0.20348.0\um\WinSock2.h(2317,1): error C2375: getprotobynumber: переопределение; другое связывание
C:\Program Files (x86)\Windows Kits\10\Include\10.0.20348.0\um\winsock.h(866): message : см. объявление "getprotobynumber"
C:\Program Files (x86)\Windows Kits\10\Include\10.0.20348.0\um\WinSock2.h(2334,1): error C2375: getprotobyname: переопределение; другое связывание
C:\Program Files (x86)\Windows Kits\10\Include\10.0.20348.0\um\winsock.h(868): message : см. объявление "getprotobyname"
C:\Program Files (x86)\Windows Kits\10\Include\10.0.20348.0\um\WinSock2.h(2354,1): error C2375: WSAStartup: переопределение; другое связывание
C:\Program Files (x86)\Windows Kits\10\Include\10.0.20348.0\um\winsock.h(872): message : см. объявление "WSAStartup"
C:\Program Files (x86)\Windows Kits\10\Include\10.0.20348.0\um\WinSock2.h(2374,1): error C2375: WSACleanup: переопределение; другое связывание
C:\Program Files (x86)\Windows Kits\10\Include\10.0.20348.0\um\winsock.h(876): message : см. объявление "WSACleanup"
C:\Program Files (x86)\Windows Kits\10\Include\10.0.20348.0\um\WinSock2.h(2391,1): error C2375: WSASetLastError: переопределение; другое связывание
C:\Program Files (x86)\Windows Kits\10\Include\10.0.20348.0\um\winsock.h(878): message : см. объявление "WSASetLastError"
C:\Program Files (x86)\Windows Kits\10\Include\10.0.20348.0\um\WinSock2.h(2408,1): error C2375: WSAGetLastError: переопределение; другое связывание
C:\Program Files (x86)\Windows Kits\10\Include\10.0.20348.0\um\winsock.h(880): message : см. объявление "WSAGetLastError"
C:\Program Files (x86)\Windows Kits\10\Include\10.0.20348.0\um\WinSock2.h(2429,1): error C2375: WSAIsBlocking: переопределение; другое связывание
C:\Program Files (x86)\Windows Kits\10\Include\10.0.20348.0\um\winsock.h(882): message : см. объявление "WSAIsBlocking"
C:\Program Files (x86)\Windows Kits\10\Include\10.0.20348.0\um\WinSock2.h(2447,1): error C2375: WSAUnhookBlockingHook: переопределение; другое связывание
C:\Program Files (x86)\Windows Kits\10\Include\10.0.20348.0\um\winsock.h(884): message : см. объявление "WSAUnhookBlockingHook"
C:\Program Files (x86)\Windows Kits\10\Include\10.0.20348.0\um\WinSock2.h(2465,1): error C2375: WSASetBlockingHook: переопределение; другое связывание
C:\Program Files (x86)\Windows Kits\10\Include\10.0.20348.0\um\winsock.h(886): message : см. объявление "WSASetBlockingHook"
C:\Program Files (x86)\Windows Kits\10\Include\10.0.20348.0\um\WinSock2.h(2483,1): error C2375: WSACancelBlockingCall: переопределение; другое связывание
C:\Program Files (x86)\Windows Kits\10\Include\10.0.20348.0\um\winsock.h(888): message : см. объявление "WSACancelBlockingCall"
C:\Program Files (x86)\Windows Kits\10\Include\10.0.20348.0\um\WinSock2.h(2501,1): error C2375: WSAAsyncGetServByName: переопределение; другое связывание
C:\Program Files (x86)\Windows Kits\10\Include\10.0.20348.0\um\winsock.h(890): message : см. объявление "WSAAsyncGetServByName"
C:\Program Files (x86)\Windows Kits\10\Include\10.0.20348.0\um\WinSock2.h(2529,1): error C2375: WSAAsyncGetServByPort: переопределение; другое связывание
C:\Program Files (x86)\Windows Kits\10\Include\10.0.20348.0\um\winsock.h(898): message : см. объявление "WSAAsyncGetServByPort"
C:\Program Files (x86)\Windows Kits\10\Include\10.0.20348.0\um\WinSock2.h(2557,1): error C2375: WSAAsyncGetProtoByName: переопределение; другое связывание
C:\Program Files (x86)\Windows Kits\10\Include\10.0.20348.0\um\winsock.h(906): message : см. объявление "WSAAsyncGetProtoByName"
C:\Program Files (x86)\Windows Kits\10\Include\10.0.20348.0\um\WinSock2.h(2583,1): error C2375: WSAAsyncGetProtoByNumber: переопределение; другое связывание
C:\Program Files (x86)\Windows Kits\10\Include\10.0.20348.0\um\winsock.h(913): message : см. объявление "WSAAsyncGetProtoByNumber"
C:\Program Files (x86)\Windows Kits\10\Include\10.0.20348.0\um\WinSock2.h(2609,1): error C2375: WSAAsyncGetHostByName: переопределение; другое связывание
C:\Program Files (x86)\Windows Kits\10\Include\10.0.20348.0\um\winsock.h(920): message : см. объявление "WSAAsyncGetHostByName"
C:\Program Files (x86)\Windows Kits\10\Include\10.0.20348.0\um\WinSock2.h(2635,1): error C2375: WSAAsyncGetHostByAddr: переопределение; другое связывание
C:\Program Files (x86)\Windows Kits\10\Include\10.0.20348.0\um\winsock.h(927): message : см. объявление "WSAAsyncGetHostByAddr"
C:\Program Files (x86)\Windows Kits\10\Include\10.0.20348.0\um\WinSock2.h(2665,1): error C2375: WSACancelAsyncRequest: переопределение; другое связывание
C:\Program Files (x86)\Windows Kits\10\Include\10.0.20348.0\um\winsock.h(936): message : см. объявление "WSACancelAsyncRequest"
C:\Program Files (x86)\Windows Kits\10\Include\10.0.20348.0\um\WinSock2.h(2683,1): error C2375: WSAAsyncSelect: переопределение; другое связывание
C:\Program Files (x86)\Windows Kits\10\Include\10.0.20348.0\um\winsock.h(938): message : см. объявление "WSAAsyncSelect"
C:\Program Files (x86)\Windows Kits\10\Include\10.0.20348.0\um\WinSock2.h(4315,1): error C2059: синтаксическая ошибка: }
C:\Program Files (x86)\Windows Kits\10\Include\10.0.20348.0\um\WinSock2.h(4315,1): error C2143: синтаксическая ошибка: отсутствие ";" перед "}"
C:\Users\Дмитрий\github_repo\s0172090_computers_net\Сокеты\TCP\client\client\client.cpp(19,9): error C2065: WSAStartup: необъявленный идентификатор
C:\Users\Дмитрий\github_repo\s0172090_computers_net\Сокеты\TCP\client\client\client.cpp(20,9): error C2065: cout: необъявленный идентификатор
C:\Users\Дмитрий\github_repo\s0172090_computers_net\Сокеты\TCP\client\client\client.cpp(20,17): error C2065: WSAGetLastError: необъявленный идентификатор
C:\Users\Дмитрий\github_repo\s0172090_computers_net\Сокеты\TCP\client\client\client.cpp(20,34): error C2568: <<: не удается разрешить перегрузку функции
C:\Users\Дмитрий\github_repo\s0172090_computers_net\Сокеты\TCP\client\client\client.cpp(20,34): message : может быть "int WSAGetLastError(void)"
C:\Users\Дмитрий\github_repo\s0172090_computers_net\Сокеты\TCP\client\client\client.cpp(27,17): error C2079: "clnt_sin" использует не имеющую определения структуру struct "sockaddr_in"
C:\Users\Дмитрий\github_repo\s0172090_computers_net\Сокеты\TCP\client\client\client.cpp(27,26): error C2079: "srv_sin" использует не имеющую определения структуру struct "sockaddr_in"
C:\Users\Дмитрий\github_repo\s0172090_computers_net\Сокеты\TCP\client\client\client.cpp(28,9): error C2065: socket: необъявленный идентификатор
C:\Users\Дмитрий\github_repo\s0172090_computers_net\Сокеты\TCP\client\client\client.cpp(28,40): error C2568: =: не удается разрешить перегрузку функции
C:\Users\Дмитрий\github_repo\s0172090_computers_net\Сокеты\TCP\client\client\client.cpp(28,40): message : может быть "SOCKET socket(int,int,int)"
C:\Users\Дмитрий\github_repo\s0172090_computers_net\Сокеты\TCP\client\client\client.cpp(31,25): error C2065: htons: необъявленный идентификатор
C:\Users\Дмитрий\github_repo\s0172090_computers_net\Сокеты\TCP\client\client\client.cpp(32,5): error C2065: bind: необъявленный идентификатор
C:\Users\Дмитрий\github_repo\s0172090_computers_net\Сокеты\TCP\client\client\client.cpp(33,10): error C2065: gethostbyname: необъявленный идентификатор
C:\Users\Дмитрий\github_repo\s0172090_computers_net\Сокеты\TCP\client\client\client.cpp(33,33): error C2568: =: не удается разрешить перегрузку функции
C:\Users\Дмитрий\github_repo\s0172090_computers_net\Сокеты\TCP\client\client\client.cpp(33,33): message : может быть "hostent *gethostbyname(const char *)"
C:\Users\Дмитрий\github_repo\s0172090_computers_net\Сокеты\TCP\client\client\client.cpp(34,24): error C2065: htons: необъявленный идентификатор
